{"/home/kspir/hugs-for-bugs/database/index.js": {"path":"/home/kspir/hugs-for-bugs/database/index.js","statementMap":{"0":{"start":{"line":1,"column":15},"end":{"line":1,"column":36}},"1":{"start":{"line":2,"column":16},"end":{"line":2,"column":38}},"2":{"start":{"line":4,"column":16},"end":{"line":22,"column":1}},"3":{"start":{"line":5,"column":23},"end":{"line":5,"column":35}},"4":{"start":{"line":9,"column":4},"end":{"line":19,"column":5}},"5":{"start":{"line":11,"column":8},"end":{"line":11,"column":63}},"6":{"start":{"line":12,"column":8},"end":{"line":12,"column":23}},"7":{"start":{"line":15,"column":8},"end":{"line":18,"column":10}},"8":{"start":{"line":21,"column":4},"end":{"line":21,"column":17}},"9":{"start":{"line":24,"column":26},"end":{"line":27,"column":1}},"10":{"start":{"line":25,"column":23},"end":{"line":25,"column":81}},"11":{"start":{"line":25,"column":59},"end":{"line":25,"column":80}},"12":{"start":{"line":26,"column":4},"end":{"line":26,"column":46}},"13":{"start":{"line":29,"column":24},"end":{"line":46,"column":1}},"14":{"start":{"line":30,"column":26},"end":{"line":30,"column":28}},"15":{"start":{"line":32,"column":4},"end":{"line":43,"column":7}},"16":{"start":{"line":33,"column":26},"end":{"line":33,"column":27}},"17":{"start":{"line":35,"column":8},"end":{"line":40,"column":11}},"18":{"start":{"line":36,"column":12},"end":{"line":39,"column":15}},"19":{"start":{"line":37,"column":16},"end":{"line":37,"column":55}},"20":{"start":{"line":38,"column":16},"end":{"line":38,"column":59}},"21":{"start":{"line":42,"column":8},"end":{"line":42,"column":81}},"22":{"start":{"line":44,"column":4},"end":{"line":44,"column":54}},"23":{"start":{"line":44,"column":33},"end":{"line":44,"column":52}},"24":{"start":{"line":45,"column":4},"end":{"line":45,"column":25}},"25":{"start":{"line":48,"column":29},"end":{"line":50,"column":1}},"26":{"start":{"line":49,"column":4},"end":{"line":49,"column":66}},"27":{"start":{"line":49,"column":40},"end":{"line":49,"column":64}},"28":{"start":{"line":52,"column":29},"end":{"line":62,"column":1}},"29":{"start":{"line":53,"column":4},"end":{"line":60,"column":5}},"30":{"start":{"line":54,"column":30},"end":{"line":56,"column":9}},"31":{"start":{"line":55,"column":26},"end":{"line":55,"column":62}},"32":{"start":{"line":57,"column":8},"end":{"line":59,"column":9}},"33":{"start":{"line":58,"column":12},"end":{"line":58,"column":40}},"34":{"start":{"line":61,"column":4},"end":{"line":61,"column":47}},"35":{"start":{"line":64,"column":31},"end":{"line":83,"column":1}},"36":{"start":{"line":65,"column":29},"end":{"line":65,"column":73}},"37":{"start":{"line":66,"column":24},"end":{"line":66,"column":51}},"38":{"start":{"line":67,"column":32},"end":{"line":69,"column":5}},"39":{"start":{"line":71,"column":22},"end":{"line":71,"column":64}},"40":{"start":{"line":72,"column":21},"end":{"line":77,"column":5}},"41":{"start":{"line":79,"column":4},"end":{"line":82,"column":6}},"42":{"start":{"line":85,"column":37},"end":{"line":105,"column":1}},"43":{"start":{"line":89,"column":20},"end":{"line":89,"column":50}},"44":{"start":{"line":93,"column":4},"end":{"line":104,"column":5}},"45":{"start":{"line":94,"column":8},"end":{"line":103,"column":11}},"46":{"start":{"line":95,"column":37},"end":{"line":97,"column":13}},"47":{"start":{"line":96,"column":23},"end":{"line":96,"column":46}},"48":{"start":{"line":98,"column":12},"end":{"line":102,"column":13}},"49":{"start":{"line":99,"column":16},"end":{"line":101,"column":54}},"50":{"start":{"line":107,"column":23},"end":{"line":143,"column":1}},"51":{"start":{"line":108,"column":20},"end":{"line":108,"column":50}},"52":{"start":{"line":109,"column":4},"end":{"line":111,"column":5}},"53":{"start":{"line":110,"column":8},"end":{"line":110,"column":20}},"54":{"start":{"line":113,"column":19},"end":{"line":140,"column":6}},"55":{"start":{"line":114,"column":26},"end":{"line":135,"column":10}},"56":{"start":{"line":115,"column":12},"end":{"line":120,"column":13}},"57":{"start":{"line":116,"column":16},"end":{"line":119,"column":18}},"58":{"start":{"line":123,"column":16},"end":{"line":125,"column":19}},"59":{"start":{"line":131,"column":12},"end":{"line":134,"column":14}},"60":{"start":{"line":136,"column":8},"end":{"line":139,"column":10}},"61":{"start":{"line":142,"column":4},"end":{"line":142,"column":18}},"62":{"start":{"line":145,"column":0},"end":{"line":153,"column":2}}},"fnMap":{"0":{"name":"(anonymous_0)","decl":{"start":{"line":4,"column":16},"end":{"line":4,"column":17}},"loc":{"start":{"line":4,"column":27},"end":{"line":22,"column":1}},"line":4},"1":{"name":"(anonymous_1)","decl":{"start":{"line":24,"column":26},"end":{"line":24,"column":27}},"loc":{"start":{"line":24,"column":36},"end":{"line":27,"column":1}},"line":24},"2":{"name":"(anonymous_2)","decl":{"start":{"line":25,"column":46},"end":{"line":25,"column":47}},"loc":{"start":{"line":25,"column":59},"end":{"line":25,"column":80}},"line":25},"3":{"name":"(anonymous_3)","decl":{"start":{"line":29,"column":24},"end":{"line":29,"column":25}},"loc":{"start":{"line":29,"column":30},"end":{"line":46,"column":1}},"line":29},"4":{"name":"(anonymous_4)","decl":{"start":{"line":32,"column":30},"end":{"line":32,"column":31}},"loc":{"start":{"line":32,"column":43},"end":{"line":43,"column":5}},"line":32},"5":{"name":"(anonymous_5)","decl":{"start":{"line":35,"column":30},"end":{"line":35,"column":31}},"loc":{"start":{"line":35,"column":43},"end":{"line":40,"column":9}},"line":35},"6":{"name":"(anonymous_6)","decl":{"start":{"line":36,"column":38},"end":{"line":36,"column":39}},"loc":{"start":{"line":36,"column":52},"end":{"line":39,"column":13}},"line":36},"7":{"name":"(anonymous_7)","decl":{"start":{"line":44,"column":23},"end":{"line":44,"column":24}},"loc":{"start":{"line":44,"column":33},"end":{"line":44,"column":52}},"line":44},"8":{"name":"(anonymous_8)","decl":{"start":{"line":48,"column":29},"end":{"line":48,"column":30}},"loc":{"start":{"line":48,"column":40},"end":{"line":50,"column":1}},"line":48},"9":{"name":"(anonymous_9)","decl":{"start":{"line":49,"column":26},"end":{"line":49,"column":27}},"loc":{"start":{"line":49,"column":40},"end":{"line":49,"column":64}},"line":49},"10":{"name":"(anonymous_10)","decl":{"start":{"line":52,"column":29},"end":{"line":52,"column":30}},"loc":{"start":{"line":52,"column":49},"end":{"line":62,"column":1}},"line":52},"11":{"name":"(anonymous_11)","decl":{"start":{"line":55,"column":12},"end":{"line":55,"column":13}},"loc":{"start":{"line":55,"column":26},"end":{"line":55,"column":62}},"line":55},"12":{"name":"(anonymous_12)","decl":{"start":{"line":64,"column":31},"end":{"line":64,"column":32}},"loc":{"start":{"line":64,"column":37},"end":{"line":83,"column":1}},"line":64},"13":{"name":"(anonymous_13)","decl":{"start":{"line":85,"column":37},"end":{"line":85,"column":38}},"loc":{"start":{"line":85,"column":73},"end":{"line":105,"column":1}},"line":85},"14":{"name":"(anonymous_14)","decl":{"start":{"line":94,"column":30},"end":{"line":94,"column":31}},"loc":{"start":{"line":94,"column":40},"end":{"line":103,"column":9}},"line":94},"15":{"name":"(anonymous_15)","decl":{"start":{"line":96,"column":16},"end":{"line":96,"column":17}},"loc":{"start":{"line":96,"column":23},"end":{"line":96,"column":46}},"line":96},"16":{"name":"(anonymous_16)","decl":{"start":{"line":107,"column":23},"end":{"line":107,"column":24}},"loc":{"start":{"line":107,"column":40},"end":{"line":143,"column":1}},"line":107},"17":{"name":"(anonymous_17)","decl":{"start":{"line":113,"column":37},"end":{"line":113,"column":38}},"loc":{"start":{"line":113,"column":47},"end":{"line":140,"column":5}},"line":113},"18":{"name":"(anonymous_18)","decl":{"start":{"line":114,"column":45},"end":{"line":114,"column":46}},"loc":{"start":{"line":114,"column":59},"end":{"line":135,"column":9}},"line":114}},"branchMap":{"0":{"loc":{"start":{"line":26,"column":11},"end":{"line":26,"column":45}},"type":"cond-expr","locations":[{"start":{"line":26,"column":26},"end":{"line":26,"column":38}},{"start":{"line":26,"column":41},"end":{"line":26,"column":45}}],"line":26},"1":{"loc":{"start":{"line":57,"column":8},"end":{"line":59,"column":9}},"type":"if","locations":[{"start":{"line":57,"column":8},"end":{"line":59,"column":9}},{"start":{},"end":{}}],"line":57},"2":{"loc":{"start":{"line":93,"column":4},"end":{"line":104,"column":5}},"type":"if","locations":[{"start":{"line":93,"column":4},"end":{"line":104,"column":5}},{"start":{},"end":{}}],"line":93},"3":{"loc":{"start":{"line":98,"column":12},"end":{"line":102,"column":13}},"type":"if","locations":[{"start":{"line":98,"column":12},"end":{"line":102,"column":13}},{"start":{},"end":{}}],"line":98},"4":{"loc":{"start":{"line":99,"column":16},"end":{"line":101,"column":53}},"type":"cond-expr","locations":[{"start":{"line":100,"column":22},"end":{"line":100,"column":55}},{"start":{"line":101,"column":22},"end":{"line":101,"column":53}}],"line":99},"5":{"loc":{"start":{"line":109,"column":4},"end":{"line":111,"column":5}},"type":"if","locations":[{"start":{"line":109,"column":4},"end":{"line":111,"column":5}},{"start":{},"end":{}}],"line":109},"6":{"loc":{"start":{"line":115,"column":12},"end":{"line":120,"column":13}},"type":"if","locations":[{"start":{"line":115,"column":12},"end":{"line":120,"column":13}},{"start":{},"end":{}}],"line":115}},"s":{"0":2,"1":2,"2":2,"3":3,"4":3,"5":12,"6":12,"7":12,"8":3,"9":2,"10":50,"11":112,"12":50,"13":2,"14":2,"15":2,"16":5,"17":5,"18":15,"19":225,"20":225,"21":5,"22":2,"23":4,"24":2,"25":2,"26":3,"27":3,"28":2,"29":53,"30":145,"31":2077,"32":145,"33":7,"34":46,"35":2,"36":3,"37":3,"38":3,"39":3,"40":3,"41":3,"42":2,"43":18,"44":18,"45":18,"46":54,"47":558,"48":54,"49":18,"50":2,"51":5,"52":5,"53":1,"54":4,"55":12,"56":180,"57":176,"58":4,"59":4,"60":12,"61":4,"62":2},"f":{"0":3,"1":50,"2":112,"3":2,"4":5,"5":15,"6":225,"7":4,"8":3,"9":3,"10":53,"11":2077,"12":3,"13":18,"14":54,"15":558,"16":5,"17":12,"18":180},"b":{"0":[39,11],"1":[7,138],"2":[18,0],"3":[18,36],"4":[9,9],"5":[1,4],"6":[176,4]},"_coverageSchema":"1a1c01bbd47fc00a2c39e90264f33305004495a9","hash":"de6377f21fb19467f219ab35cf33fdb08e9d35d5"}
,"/home/kspir/hugs-for-bugs/database/questions.js": {"path":"/home/kspir/hugs-for-bugs/database/questions.js","statementMap":{"0":{"start":{"line":2,"column":16},"end":{"line":261,"column":1}},"1":{"start":{"line":263,"column":0},"end":{"line":263,"column":27}}},"fnMap":{},"branchMap":{},"s":{"0":2,"1":2},"f":{},"b":{},"_coverageSchema":"1a1c01bbd47fc00a2c39e90264f33305004495a9","hash":"a258240f8f0d089f091479eb413ccd3343b81498"}
,"/home/kspir/hugs-for-bugs/database/students.js": {"path":"/home/kspir/hugs-for-bugs/database/students.js","statementMap":{"0":{"start":{"line":1,"column":21},"end":{"line":1,"column":43}},"1":{"start":{"line":3,"column":22},"end":{"line":31,"column":1}},"2":{"start":{"line":8,"column":68},"end":{"line":12,"column":13}},"3":{"start":{"line":16,"column":68},"end":{"line":20,"column":13}},"4":{"start":{"line":24,"column":68},"end":{"line":28,"column":13}},"5":{"start":{"line":34,"column":15},"end":{"line":34,"column":17}},"6":{"start":{"line":36,"column":0},"end":{"line":36,"column":45}}},"fnMap":{"0":{"name":"(anonymous_0)","decl":{"start":{"line":8,"column":53},"end":{"line":8,"column":54}},"loc":{"start":{"line":8,"column":68},"end":{"line":12,"column":13}},"line":8},"1":{"name":"(anonymous_1)","decl":{"start":{"line":16,"column":53},"end":{"line":16,"column":54}},"loc":{"start":{"line":16,"column":68},"end":{"line":20,"column":13}},"line":16},"2":{"name":"(anonymous_2)","decl":{"start":{"line":24,"column":53},"end":{"line":24,"column":54}},"loc":{"start":{"line":24,"column":68},"end":{"line":28,"column":13}},"line":24}},"branchMap":{},"s":{"0":2,"1":2,"2":30,"3":30,"4":30,"5":2,"6":2},"f":{"0":30,"1":30,"2":30},"b":{},"_coverageSchema":"1a1c01bbd47fc00a2c39e90264f33305004495a9","hash":"cc0c8ecf94ca757c0797175087a6b8dae1abd8a8"}
,"/home/kspir/hugs-for-bugs/server/app.js": {"path":"/home/kspir/hugs-for-bugs/server/app.js","statementMap":{"0":{"start":{"line":1,"column":0},"end":{"line":1,"column":27}},"1":{"start":{"line":3,"column":13},"end":{"line":3,"column":28}},"2":{"start":{"line":4,"column":16},"end":{"line":4,"column":34}},"3":{"start":{"line":5,"column":13},"end":{"line":5,"column":28}},"4":{"start":{"line":7,"column":12},"end":{"line":7,"column":21}},"5":{"start":{"line":8,"column":20},"end":{"line":8,"column":46}},"6":{"start":{"line":9,"column":16},"end":{"line":9,"column":44}},"7":{"start":{"line":10,"column":17},"end":{"line":10,"column":48}},"8":{"start":{"line":11,"column":18},"end":{"line":11,"column":50}},"9":{"start":{"line":12,"column":14},"end":{"line":12,"column":42}},"10":{"start":{"line":14,"column":20},"end":{"line":17,"column":1}},"11":{"start":{"line":20,"column":0},"end":{"line":20,"column":27}},"12":{"start":{"line":21,"column":0},"end":{"line":21,"column":24}},"13":{"start":{"line":22,"column":0},"end":{"line":22,"column":54}},"14":{"start":{"line":50,"column":0},"end":{"line":52,"column":3}},"15":{"start":{"line":51,"column":4},"end":{"line":51,"column":60}},"16":{"start":{"line":54,"column":0},"end":{"line":56,"column":3}},"17":{"start":{"line":55,"column":4},"end":{"line":55,"column":64}},"18":{"start":{"line":58,"column":0},"end":{"line":60,"column":3}},"19":{"start":{"line":59,"column":4},"end":{"line":59,"column":39}},"20":{"start":{"line":62,"column":0},"end":{"line":64,"column":3}},"21":{"start":{"line":63,"column":4},"end":{"line":63,"column":31}},"22":{"start":{"line":67,"column":0},"end":{"line":90,"column":3}},"23":{"start":{"line":68,"column":17},"end":{"line":68,"column":30}},"24":{"start":{"line":70,"column":4},"end":{"line":72,"column":5}},"25":{"start":{"line":71,"column":8},"end":{"line":71,"column":55}},"26":{"start":{"line":74,"column":4},"end":{"line":76,"column":5}},"27":{"start":{"line":75,"column":8},"end":{"line":75,"column":70}},"28":{"start":{"line":78,"column":17},"end":{"line":78,"column":48}},"29":{"start":{"line":80,"column":4},"end":{"line":84,"column":5}},"30":{"start":{"line":81,"column":8},"end":{"line":83,"column":68}},"31":{"start":{"line":86,"column":4},"end":{"line":89,"column":16}},"32":{"start":{"line":93,"column":0},"end":{"line":119,"column":3}},"33":{"start":{"line":94,"column":17},"end":{"line":94,"column":30}},"34":{"start":{"line":96,"column":4},"end":{"line":98,"column":5}},"35":{"start":{"line":97,"column":8},"end":{"line":97,"column":55}},"36":{"start":{"line":100,"column":4},"end":{"line":102,"column":5}},"37":{"start":{"line":101,"column":8},"end":{"line":101,"column":65}},"38":{"start":{"line":104,"column":17},"end":{"line":104,"column":48}},"39":{"start":{"line":106,"column":4},"end":{"line":110,"column":5}},"40":{"start":{"line":107,"column":8},"end":{"line":109,"column":67}},"41":{"start":{"line":112,"column":21},"end":{"line":112,"column":62}},"42":{"start":{"line":113,"column":4},"end":{"line":113,"column":25}},"43":{"start":{"line":114,"column":4},"end":{"line":114,"column":37}},"44":{"start":{"line":116,"column":4},"end":{"line":118,"column":6}},"45":{"start":{"line":123,"column":0},"end":{"line":126,"column":3}},"46":{"start":{"line":124,"column":20},"end":{"line":124,"column":52}},"47":{"start":{"line":125,"column":4},"end":{"line":125,"column":29}},"48":{"start":{"line":130,"column":0},"end":{"line":180,"column":3}},"49":{"start":{"line":131,"column":35},"end":{"line":131,"column":43}},"50":{"start":{"line":133,"column":4},"end":{"line":135,"column":5}},"51":{"start":{"line":134,"column":8},"end":{"line":134,"column":59}},"52":{"start":{"line":137,"column":4},"end":{"line":139,"column":5}},"53":{"start":{"line":138,"column":8},"end":{"line":138,"column":74}},"54":{"start":{"line":141,"column":4},"end":{"line":143,"column":5}},"55":{"start":{"line":142,"column":8},"end":{"line":142,"column":57}},"56":{"start":{"line":145,"column":4},"end":{"line":147,"column":5}},"57":{"start":{"line":146,"column":8},"end":{"line":146,"column":72}},"58":{"start":{"line":149,"column":4},"end":{"line":151,"column":5}},"59":{"start":{"line":150,"column":8},"end":{"line":150,"column":55}},"60":{"start":{"line":153,"column":4},"end":{"line":155,"column":5}},"61":{"start":{"line":154,"column":8},"end":{"line":154,"column":70}},"62":{"start":{"line":158,"column":17},"end":{"line":158,"column":48}},"63":{"start":{"line":159,"column":4},"end":{"line":163,"column":5}},"64":{"start":{"line":160,"column":8},"end":{"line":162,"column":68}},"65":{"start":{"line":165,"column":24},"end":{"line":165,"column":62}},"66":{"start":{"line":167,"column":4},"end":{"line":169,"column":5}},"67":{"start":{"line":168,"column":8},"end":{"line":168,"column":84}},"68":{"start":{"line":171,"column":4},"end":{"line":175,"column":5}},"69":{"start":{"line":173,"column":8},"end":{"line":173,"column":70}},"70":{"start":{"line":174,"column":8},"end":{"line":174,"column":38}},"71":{"start":{"line":178,"column":4},"end":{"line":178,"column":68}},"72":{"start":{"line":179,"column":4},"end":{"line":179,"column":32}},"73":{"start":{"line":185,"column":0},"end":{"line":187,"column":3}},"74":{"start":{"line":186,"column":4},"end":{"line":186,"column":47}},"75":{"start":{"line":191,"column":0},"end":{"line":207,"column":3}},"76":{"start":{"line":192,"column":24},"end":{"line":192,"column":37}},"77":{"start":{"line":193,"column":4},"end":{"line":195,"column":5}},"78":{"start":{"line":194,"column":8},"end":{"line":194,"column":76}},"79":{"start":{"line":197,"column":4},"end":{"line":199,"column":5}},"80":{"start":{"line":198,"column":8},"end":{"line":198,"column":75}},"81":{"start":{"line":201,"column":4},"end":{"line":203,"column":5}},"82":{"start":{"line":202,"column":8},"end":{"line":202,"column":84}},"83":{"start":{"line":206,"column":4},"end":{"line":206,"column":57}},"84":{"start":{"line":209,"column":0},"end":{"line":209,"column":21}}},"fnMap":{"0":{"name":"(anonymous_0)","decl":{"start":{"line":50,"column":13},"end":{"line":50,"column":14}},"loc":{"start":{"line":50,"column":27},"end":{"line":52,"column":1}},"line":50},"1":{"name":"(anonymous_1)","decl":{"start":{"line":54,"column":21},"end":{"line":54,"column":22}},"loc":{"start":{"line":54,"column":35},"end":{"line":56,"column":1}},"line":54},"2":{"name":"(anonymous_2)","decl":{"start":{"line":58,"column":27},"end":{"line":58,"column":28}},"loc":{"start":{"line":58,"column":41},"end":{"line":60,"column":1}},"line":58},"3":{"name":"(anonymous_3)","decl":{"start":{"line":62,"column":28},"end":{"line":62,"column":29}},"loc":{"start":{"line":62,"column":42},"end":{"line":64,"column":1}},"line":62},"4":{"name":"(anonymous_4)","decl":{"start":{"line":67,"column":19},"end":{"line":67,"column":20}},"loc":{"start":{"line":67,"column":33},"end":{"line":90,"column":1}},"line":67},"5":{"name":"(anonymous_5)","decl":{"start":{"line":93,"column":22},"end":{"line":93,"column":23}},"loc":{"start":{"line":93,"column":36},"end":{"line":119,"column":1}},"line":93},"6":{"name":"(anonymous_6)","decl":{"start":{"line":123,"column":29},"end":{"line":123,"column":30}},"loc":{"start":{"line":123,"column":43},"end":{"line":126,"column":1}},"line":123},"7":{"name":"(anonymous_7)","decl":{"start":{"line":130,"column":29},"end":{"line":130,"column":30}},"loc":{"start":{"line":130,"column":43},"end":{"line":180,"column":1}},"line":130},"8":{"name":"(anonymous_8)","decl":{"start":{"line":185,"column":29},"end":{"line":185,"column":30}},"loc":{"start":{"line":185,"column":43},"end":{"line":187,"column":1}},"line":185},"9":{"name":"(anonymous_9)","decl":{"start":{"line":191,"column":34},"end":{"line":191,"column":35}},"loc":{"start":{"line":191,"column":48},"end":{"line":207,"column":1}},"line":191}},"branchMap":{"0":{"loc":{"start":{"line":12,"column":14},"end":{"line":12,"column":42}},"type":"binary-expr","locations":[{"start":{"line":12,"column":14},"end":{"line":12,"column":31}},{"start":{"line":12,"column":35},"end":{"line":12,"column":42}}],"line":12},"1":{"loc":{"start":{"line":70,"column":4},"end":{"line":72,"column":5}},"type":"if","locations":[{"start":{"line":70,"column":4},"end":{"line":72,"column":5}},{"start":{},"end":{}}],"line":70},"2":{"loc":{"start":{"line":74,"column":4},"end":{"line":76,"column":5}},"type":"if","locations":[{"start":{"line":74,"column":4},"end":{"line":76,"column":5}},{"start":{},"end":{}}],"line":74},"3":{"loc":{"start":{"line":80,"column":4},"end":{"line":84,"column":5}},"type":"if","locations":[{"start":{"line":80,"column":4},"end":{"line":84,"column":5}},{"start":{},"end":{}}],"line":80},"4":{"loc":{"start":{"line":96,"column":4},"end":{"line":98,"column":5}},"type":"if","locations":[{"start":{"line":96,"column":4},"end":{"line":98,"column":5}},{"start":{},"end":{}}],"line":96},"5":{"loc":{"start":{"line":100,"column":4},"end":{"line":102,"column":5}},"type":"if","locations":[{"start":{"line":100,"column":4},"end":{"line":102,"column":5}},{"start":{},"end":{}}],"line":100},"6":{"loc":{"start":{"line":106,"column":4},"end":{"line":110,"column":5}},"type":"if","locations":[{"start":{"line":106,"column":4},"end":{"line":110,"column":5}},{"start":{},"end":{}}],"line":106},"7":{"loc":{"start":{"line":133,"column":4},"end":{"line":135,"column":5}},"type":"if","locations":[{"start":{"line":133,"column":4},"end":{"line":135,"column":5}},{"start":{},"end":{}}],"line":133},"8":{"loc":{"start":{"line":137,"column":4},"end":{"line":139,"column":5}},"type":"if","locations":[{"start":{"line":137,"column":4},"end":{"line":139,"column":5}},{"start":{},"end":{}}],"line":137},"9":{"loc":{"start":{"line":141,"column":4},"end":{"line":143,"column":5}},"type":"if","locations":[{"start":{"line":141,"column":4},"end":{"line":143,"column":5}},{"start":{},"end":{}}],"line":141},"10":{"loc":{"start":{"line":145,"column":4},"end":{"line":147,"column":5}},"type":"if","locations":[{"start":{"line":145,"column":4},"end":{"line":147,"column":5}},{"start":{},"end":{}}],"line":145},"11":{"loc":{"start":{"line":149,"column":4},"end":{"line":151,"column":5}},"type":"if","locations":[{"start":{"line":149,"column":4},"end":{"line":151,"column":5}},{"start":{},"end":{}}],"line":149},"12":{"loc":{"start":{"line":153,"column":4},"end":{"line":155,"column":5}},"type":"if","locations":[{"start":{"line":153,"column":4},"end":{"line":155,"column":5}},{"start":{},"end":{}}],"line":153},"13":{"loc":{"start":{"line":159,"column":4},"end":{"line":163,"column":5}},"type":"if","locations":[{"start":{"line":159,"column":4},"end":{"line":163,"column":5}},{"start":{},"end":{}}],"line":159},"14":{"loc":{"start":{"line":167,"column":4},"end":{"line":169,"column":5}},"type":"if","locations":[{"start":{"line":167,"column":4},"end":{"line":169,"column":5}},{"start":{},"end":{}}],"line":167},"15":{"loc":{"start":{"line":171,"column":4},"end":{"line":175,"column":5}},"type":"if","locations":[{"start":{"line":171,"column":4},"end":{"line":175,"column":5}},{"start":{},"end":{}}],"line":171},"16":{"loc":{"start":{"line":193,"column":4},"end":{"line":195,"column":5}},"type":"if","locations":[{"start":{"line":193,"column":4},"end":{"line":195,"column":5}},{"start":{},"end":{}}],"line":193},"17":{"loc":{"start":{"line":197,"column":4},"end":{"line":199,"column":5}},"type":"if","locations":[{"start":{"line":197,"column":4},"end":{"line":199,"column":5}},{"start":{},"end":{}}],"line":197},"18":{"loc":{"start":{"line":201,"column":4},"end":{"line":203,"column":5}},"type":"if","locations":[{"start":{"line":201,"column":4},"end":{"line":203,"column":5}},{"start":{},"end":{}}],"line":201}},"s":{"0":2,"1":2,"2":2,"3":2,"4":2,"5":2,"6":2,"7":2,"8":2,"9":2,"10":2,"11":2,"12":2,"13":2,"14":2,"15":1,"16":2,"17":1,"18":2,"19":1,"20":2,"21":1,"22":2,"23":4,"24":4,"25":1,"26":3,"27":1,"28":2,"29":2,"30":1,"31":1,"32":2,"33":15,"34":15,"35":1,"36":14,"37":1,"38":13,"39":13,"40":6,"41":7,"42":7,"43":7,"44":7,"45":2,"46":1,"47":1,"48":2,"49":14,"50":14,"51":1,"52":13,"53":1,"54":12,"55":1,"56":11,"57":1,"58":10,"59":1,"60":9,"61":1,"62":8,"63":8,"64":1,"65":7,"66":7,"67":1,"68":6,"69":3,"70":3,"71":3,"72":3,"73":2,"74":1,"75":2,"76":4,"77":4,"78":1,"79":3,"80":1,"81":2,"82":1,"83":1,"84":2},"f":{"0":1,"1":1,"2":1,"3":1,"4":4,"5":15,"6":1,"7":14,"8":1,"9":4},"b":{"0":[2,2],"1":[1,3],"2":[1,2],"3":[1,1],"4":[1,14],"5":[1,13],"6":[6,7],"7":[1,13],"8":[1,12],"9":[1,11],"10":[1,10],"11":[1,9],"12":[1,8],"13":[1,7],"14":[1,6],"15":[3,3],"16":[1,3],"17":[1,2],"18":[1,1]},"_coverageSchema":"1a1c01bbd47fc00a2c39e90264f33305004495a9","hash":"424296974381cb1598dee0a48a46047831506705"}
}
