TN:
SF:database/index.js
FN:4,(anonymous_0)
FN:24,(anonymous_1)
FN:25,(anonymous_2)
FN:29,(anonymous_3)
FN:32,(anonymous_4)
FN:35,(anonymous_5)
FN:36,(anonymous_6)
FN:44,(anonymous_7)
FN:48,(anonymous_8)
FN:49,(anonymous_9)
FN:52,(anonymous_10)
FN:55,(anonymous_11)
FN:64,(anonymous_12)
FN:85,(anonymous_13)
FN:94,(anonymous_14)
FN:96,(anonymous_15)
FN:107,(anonymous_16)
FN:113,(anonymous_17)
FN:114,(anonymous_18)
FNF:19
FNH:19
FNDA:3,(anonymous_0)
FNDA:50,(anonymous_1)
FNDA:112,(anonymous_2)
FNDA:2,(anonymous_3)
FNDA:5,(anonymous_4)
FNDA:15,(anonymous_5)
FNDA:225,(anonymous_6)
FNDA:4,(anonymous_7)
FNDA:3,(anonymous_8)
FNDA:3,(anonymous_9)
FNDA:53,(anonymous_10)
FNDA:2077,(anonymous_11)
FNDA:3,(anonymous_12)
FNDA:18,(anonymous_13)
FNDA:54,(anonymous_14)
FNDA:558,(anonymous_15)
FNDA:5,(anonymous_16)
FNDA:12,(anonymous_17)
FNDA:180,(anonymous_18)
DA:1,2
DA:2,2
DA:4,2
DA:5,3
DA:9,3
DA:11,12
DA:12,12
DA:15,12
DA:21,3
DA:24,2
DA:25,112
DA:26,50
DA:29,2
DA:30,2
DA:32,2
DA:33,5
DA:35,5
DA:36,15
DA:37,225
DA:38,225
DA:42,5
DA:44,4
DA:45,2
DA:48,2
DA:49,3
DA:52,2
DA:53,53
DA:54,145
DA:55,2077
DA:57,145
DA:58,7
DA:61,46
DA:64,2
DA:65,3
DA:66,3
DA:67,3
DA:71,3
DA:72,3
DA:79,3
DA:85,2
DA:89,18
DA:93,18
DA:94,18
DA:95,54
DA:96,558
DA:98,54
DA:99,18
DA:107,2
DA:108,5
DA:109,5
DA:110,1
DA:113,4
DA:114,12
DA:115,180
DA:116,176
DA:123,4
DA:131,4
DA:136,12
DA:142,4
DA:145,2
LF:60
LH:60
BRDA:26,0,0,39
BRDA:26,0,1,11
BRDA:57,1,0,7
BRDA:57,1,1,138
BRDA:93,2,0,18
BRDA:93,2,1,0
BRDA:98,3,0,18
BRDA:98,3,1,36
BRDA:99,4,0,9
BRDA:99,4,1,9
BRDA:109,5,0,1
BRDA:109,5,1,4
BRDA:115,6,0,176
BRDA:115,6,1,4
BRF:14
BRH:13
end_of_record
TN:
SF:database/questions.js
FNF:0
FNH:0
DA:2,2
DA:263,2
LF:2
LH:2
BRF:0
BRH:0
end_of_record
TN:
SF:database/students.js
FN:8,(anonymous_0)
FN:16,(anonymous_1)
FN:24,(anonymous_2)
FNF:3
FNH:3
FNDA:30,(anonymous_0)
FNDA:30,(anonymous_1)
FNDA:30,(anonymous_2)
DA:1,2
DA:3,2
DA:8,30
DA:16,30
DA:24,30
DA:34,2
DA:36,2
LF:7
LH:7
BRF:0
BRH:0
end_of_record
TN:
SF:server/app.js
FN:50,(anonymous_0)
FN:54,(anonymous_1)
FN:58,(anonymous_2)
FN:62,(anonymous_3)
FN:67,(anonymous_4)
FN:93,(anonymous_5)
FN:123,(anonymous_6)
FN:130,(anonymous_7)
FN:185,(anonymous_8)
FN:191,(anonymous_9)
FNF:10
FNH:10
FNDA:1,(anonymous_0)
FNDA:1,(anonymous_1)
FNDA:1,(anonymous_2)
FNDA:1,(anonymous_3)
FNDA:4,(anonymous_4)
FNDA:15,(anonymous_5)
FNDA:1,(anonymous_6)
FNDA:14,(anonymous_7)
FNDA:1,(anonymous_8)
FNDA:4,(anonymous_9)
DA:1,2
DA:3,2
DA:4,2
DA:5,2
DA:7,2
DA:8,2
DA:9,2
DA:10,2
DA:11,2
DA:12,2
DA:14,2
DA:20,2
DA:21,2
DA:22,2
DA:50,2
DA:51,1
DA:54,2
DA:55,1
DA:58,2
DA:59,1
DA:62,2
DA:63,1
DA:67,2
DA:68,4
DA:70,4
DA:71,1
DA:74,3
DA:75,1
DA:78,2
DA:80,2
DA:81,1
DA:86,1
DA:93,2
DA:94,15
DA:96,15
DA:97,1
DA:100,14
DA:101,1
DA:104,13
DA:106,13
DA:107,6
DA:112,7
DA:113,7
DA:114,7
DA:116,7
DA:123,2
DA:124,1
DA:125,1
DA:130,2
DA:131,14
DA:133,14
DA:134,1
DA:137,13
DA:138,1
DA:141,12
DA:142,1
DA:145,11
DA:146,1
DA:149,10
DA:150,1
DA:153,9
DA:154,1
DA:158,8
DA:159,8
DA:160,1
DA:165,7
DA:167,7
DA:168,1
DA:171,6
DA:173,3
DA:174,3
DA:178,3
DA:179,3
DA:185,2
DA:186,1
DA:191,2
DA:192,4
DA:193,4
DA:194,1
DA:197,3
DA:198,1
DA:201,2
DA:202,1
DA:206,1
DA:209,2
LF:85
LH:85
BRDA:12,0,0,2
BRDA:12,0,1,2
BRDA:70,1,0,1
BRDA:70,1,1,3
BRDA:74,2,0,1
BRDA:74,2,1,2
BRDA:80,3,0,1
BRDA:80,3,1,1
BRDA:96,4,0,1
BRDA:96,4,1,14
BRDA:100,5,0,1
BRDA:100,5,1,13
BRDA:106,6,0,6
BRDA:106,6,1,7
BRDA:133,7,0,1
BRDA:133,7,1,13
BRDA:137,8,0,1
BRDA:137,8,1,12
BRDA:141,9,0,1
BRDA:141,9,1,11
BRDA:145,10,0,1
BRDA:145,10,1,10
BRDA:149,11,0,1
BRDA:149,11,1,9
BRDA:153,12,0,1
BRDA:153,12,1,8
BRDA:159,13,0,1
BRDA:159,13,1,7
BRDA:167,14,0,1
BRDA:167,14,1,6
BRDA:171,15,0,3
BRDA:171,15,1,3
BRDA:193,16,0,1
BRDA:193,16,1,3
BRDA:197,17,0,1
BRDA:197,17,1,2
BRDA:201,18,0,1
BRDA:201,18,1,1
BRF:38
BRH:38
end_of_record
